Logfile initialized
[INFO] logfile = C:\Users\Eigenaar\My Documents\Titanium Studio Workspace\dirtbags\build.log
[DEBUG] C:\Users\Eigenaar\AppData\Roaming\Titanium\mobilesdk\win32\1.7.5\android\builder.py simulator dirtbags C:\Program Files\Android\android-sdk C:\Users\Eigenaar\My Documents\Titanium Studio Workspace\dirtbags com.lessius.dirt 7 HVGA
[INFO] Building dirtbags for Android ... one moment
[INFO] Titanium SDK version: 1.7.5 (11/02/11 17:00 ab20af7)
[DEBUG] Waiting for device to be ready ...
[TRACE] adb devices returned 1 devices/emulators
[TRACE] adb devices returned 1 devices/emulators
[TRACE] adb devices returned 1 devices/emulators
[DEBUG] Device connected... (waited 10 seconds)
[DEBUG] waited 11.801000 seconds on emulator to get ready
[INFO] Waiting for the Android Emulator to become available
[ERROR] Timed out waiting for android.process.acore
[DEBUG] com.lessius.dirt installed? True
[INFO] Fastdev server running, deploying in Fastdev mode
[INFO] Copying project resources..
[INFO] Detected tiapp.xml change (or assets deleted), forcing full re-build...
[TRACE] COPYING CREATED FILE: C:\Users\Eigenaar\My Documents\Titanium Studio Workspace\dirtbags\Resources\android\appicon.png => C:\Users\Eigenaar\My Documents\Titanium Studio Workspace\dirtbags\build\android\bin\assets\Resources\appicon.png
[TRACE] COPYING CREATED FILE: C:\Users\Eigenaar\My Documents\Titanium Studio Workspace\dirtbags\Resources\android\default.png => C:\Users\Eigenaar\My Documents\Titanium Studio Workspace\dirtbags\build\android\bin\assets\Resources\default.png
[TRACE] COPYING CREATED FILE: C:\Users\Eigenaar\My Documents\Titanium Studio Workspace\dirtbags\Resources\app.js => C:\Users\Eigenaar\My Documents\Titanium Studio Workspace\dirtbags\build\android\bin\assets\Resources\app.js
[TRACE] COPYING CREATED FILE: C:\Users\Eigenaar\My Documents\Titanium Studio Workspace\dirtbags\Resources\images\icon_automaat2.png => C:\Users\Eigenaar\My Documents\Titanium Studio Workspace\dirtbags\build\android\bin\assets\Resources\images\icon_automaat2.png
[TRACE] COPYING CREATED FILE: C:\Users\Eigenaar\My Documents\Titanium Studio Workspace\dirtbags\Resources\images\icon_cafe2.png => C:\Users\Eigenaar\My Documents\Titanium Studio Workspace\dirtbags\build\android\bin\assets\Resources\images\icon_cafe2.png
[TRACE] COPYING CREATED FILE: C:\Users\Eigenaar\My Documents\Titanium Studio Workspace\dirtbags\Resources\images\icon_geldautomaat2.png => C:\Users\Eigenaar\My Documents\Titanium Studio Workspace\dirtbags\build\android\bin\assets\Resources\images\icon_geldautomaat2.png
[TRACE] COPYING CREATED FILE: C:\Users\Eigenaar\My Documents\Titanium Studio Workspace\dirtbags\Resources\images\icon_nachtwinkel2.png => C:\Users\Eigenaar\My Documents\Titanium Studio Workspace\dirtbags\build\android\bin\assets\Resources\images\icon_nachtwinkel2.png
[TRACE] COPYING CREATED FILE: C:\Users\Eigenaar\My Documents\Titanium Studio Workspace\dirtbags\Resources\images\icon_restaurant2.png => C:\Users\Eigenaar\My Documents\Titanium Studio Workspace\dirtbags\build\android\bin\assets\Resources\images\icon_restaurant2.png
[TRACE] COPYING CREATED FILE: C:\Users\Eigenaar\My Documents\Titanium Studio Workspace\dirtbags\Resources\images\icon_tankstation2.png => C:\Users\Eigenaar\My Documents\Titanium Studio Workspace\dirtbags\build\android\bin\assets\Resources\images\icon_tankstation2.png
[TRACE] COPYING CREATED FILE: C:\Users\Eigenaar\My Documents\Titanium Studio Workspace\dirtbags\Resources\images\logo.png => C:\Users\Eigenaar\My Documents\Titanium Studio Workspace\dirtbags\build\android\bin\assets\Resources\images\logo.png
[TRACE] COPYING CREATED FILE: C:\Users\Eigenaar\My Documents\Titanium Studio Workspace\dirtbags\Resources\images\logo2.png => C:\Users\Eigenaar\My Documents\Titanium Studio Workspace\dirtbags\build\android\bin\assets\Resources\images\logo2.png
[TRACE] COPYING CREATED FILE: C:\Users\Eigenaar\My Documents\Titanium Studio Workspace\dirtbags\Resources\KS_nav_ui.png => C:\Users\Eigenaar\My Documents\Titanium Studio Workspace\dirtbags\build\android\bin\assets\Resources\KS_nav_ui.png
[TRACE] COPYING CREATED FILE: C:\Users\Eigenaar\My Documents\Titanium Studio Workspace\dirtbags\Resources\KS_nav_views.png => C:\Users\Eigenaar\My Documents\Titanium Studio Workspace\dirtbags\build\android\bin\assets\Resources\KS_nav_views.png
[TRACE] COPYING CREATED FILE: C:\Users\Eigenaar\My Documents\Titanium Studio Workspace\dirtbags\Resources\pages\add.js => C:\Users\Eigenaar\My Documents\Titanium Studio Workspace\dirtbags\build\android\bin\assets\Resources\pages\add.js
[TRACE] COPYING CREATED FILE: C:\Users\Eigenaar\My Documents\Titanium Studio Workspace\dirtbags\Resources\pages\list.js => C:\Users\Eigenaar\My Documents\Titanium Studio Workspace\dirtbags\build\android\bin\assets\Resources\pages\list.js
[TRACE] COPYING CREATED FILE: C:\Users\Eigenaar\My Documents\Titanium Studio Workspace\dirtbags\Resources\pages\profile.js => C:\Users\Eigenaar\My Documents\Titanium Studio Workspace\dirtbags\build\android\bin\assets\Resources\pages\profile.js
[TRACE] Generating Java Classes
[DEBUG] Processing Android resource drawables
[TRACE] COPYING FILE: C:\Users\Eigenaar\My Documents\Titanium Studio Workspace\dirtbags\Resources\android\images\res-long-land-hdpi\default.png => C:\Users\Eigenaar\My Documents\Titanium Studio Workspace\dirtbags\build\android\res\drawable-long-land-hdpi\default_d44e27d97b.png
[TRACE] COPYING FILE: C:\Users\Eigenaar\My Documents\Titanium Studio Workspace\dirtbags\Resources\android\images\res-long-land-ldpi\default.png => C:\Users\Eigenaar\My Documents\Titanium Studio Workspace\dirtbags\build\android\res\drawable-long-land-ldpi\default_d44e27d97b.png
[TRACE] COPYING FILE: C:\Users\Eigenaar\My Documents\Titanium Studio Workspace\dirtbags\Resources\android\images\res-long-port-hdpi\default.png => C:\Users\Eigenaar\My Documents\Titanium Studio Workspace\dirtbags\build\android\res\drawable-long-port-hdpi\default_d44e27d97b.png
[TRACE] COPYING FILE: C:\Users\Eigenaar\My Documents\Titanium Studio Workspace\dirtbags\Resources\android\images\res-long-port-ldpi\default.png => C:\Users\Eigenaar\My Documents\Titanium Studio Workspace\dirtbags\build\android\res\drawable-long-port-ldpi\default_d44e27d97b.png
[TRACE] COPYING FILE: C:\Users\Eigenaar\My Documents\Titanium Studio Workspace\dirtbags\Resources\android\images\res-notlong-land-hdpi\default.png => C:\Users\Eigenaar\My Documents\Titanium Studio Workspace\dirtbags\build\android\res\drawable-notlong-land-hdpi\default_d44e27d97b.png
[TRACE] COPYING FILE: C:\Users\Eigenaar\My Documents\Titanium Studio Workspace\dirtbags\Resources\android\images\res-notlong-land-ldpi\default.png => C:\Users\Eigenaar\My Documents\Titanium Studio Workspace\dirtbags\build\android\res\drawable-notlong-land-ldpi\default_d44e27d97b.png
[TRACE] COPYING FILE: C:\Users\Eigenaar\My Documents\Titanium Studio Workspace\dirtbags\Resources\android\images\res-notlong-land-mdpi\default.png => C:\Users\Eigenaar\My Documents\Titanium Studio Workspace\dirtbags\build\android\res\drawable-notlong-land-mdpi\default_d44e27d97b.png
[TRACE] COPYING FILE: C:\Users\Eigenaar\My Documents\Titanium Studio Workspace\dirtbags\Resources\android\images\res-notlong-port-hdpi\default.png => C:\Users\Eigenaar\My Documents\Titanium Studio Workspace\dirtbags\build\android\res\drawable-notlong-port-hdpi\default_d44e27d97b.png
[TRACE] COPYING FILE: C:\Users\Eigenaar\My Documents\Titanium Studio Workspace\dirtbags\Resources\android\images\res-notlong-port-ldpi\default.png => C:\Users\Eigenaar\My Documents\Titanium Studio Workspace\dirtbags\build\android\res\drawable-notlong-port-ldpi\default_d44e27d97b.png
[TRACE] COPYING FILE: C:\Users\Eigenaar\My Documents\Titanium Studio Workspace\dirtbags\Resources\android\images\res-notlong-port-mdpi\default.png => C:\Users\Eigenaar\My Documents\Titanium Studio Workspace\dirtbags\build\android\res\drawable-notlong-port-mdpi\default_d44e27d97b.png
[DEBUG] copying app icon: C:\Users\Eigenaar\My Documents\Titanium Studio Workspace\dirtbags\build\android\bin\assets\Resources\appicon.png
[DEBUG] generating theme.xml
[DEBUG] found splash screen at C:\Users\Eigenaar\My Documents\Titanium Studio Workspace\dirtbags\build\android\bin\assets\Resources\default.png
[TRACE] Writing out AndroidManifest.xml
[DEBUG] adding C:\Users\Eigenaar\My Documents\Titanium Studio Workspace\dirtbags\build\android\gen\com\lessius\dirt\DirtbagsActivity.java to javac build list
[DEBUG] adding C:\Users\Eigenaar\My Documents\Titanium Studio Workspace\dirtbags\build\android\gen\com\lessius\dirt\DirtbagsAppInfo.java to javac build list
[DEBUG] adding C:\Users\Eigenaar\My Documents\Titanium Studio Workspace\dirtbags\build\android\gen\com\lessius\dirt\DirtbagsApplication.java to javac build list
[DEBUG] adding C:\Users\Eigenaar\My Documents\Titanium Studio Workspace\dirtbags\build\android\gen\com\lessius\dirt\R.java to javac build list
[DEBUG] Building Java Sources: "C:\\Users\\Eigenaar\\My Documents\\Titanium Studio Workspace\\dirtbags\\build\\android\\gen\\com\\lessius\\dirt\\DirtbagsActivity.java" "C:\\Users\\Eigenaar\\My Documents\\Titanium Studio Workspace\\dirtbags\\build\\android\\gen\\com\\lessius\\dirt\\DirtbagsAppInfo.java" "C:\\Users\\Eigenaar\\My Documents\\Titanium Studio Workspace\\dirtbags\\build\\android\\gen\\com\\lessius\\dirt\\DirtbagsApplication.java" "C:\\Users\\Eigenaar\\My Documents\\Titanium Studio Workspace\\dirtbags\\build\\android\\gen\\com\\lessius\\dirt\\R.java"
[INFO] Waiting for SDCard to become available..
[INFO] Compiling Android Resources... This could take some time
[DEBUG] Android classes.dex built
[DEBUG] creating unsigned apk: C:\Users\Eigenaar\My Documents\Titanium Studio Workspace\dirtbags\build\android\bin\app-unsigned.apk
[DEBUG] from resource zip => assets/Resources/images/icon_automaat2.png
[DEBUG] from resource zip => assets/Resources/images/icon_cafe2.png
[DEBUG] from resource zip => assets/Resources/images/icon_geldautomaat2.png
[DEBUG] from resource zip => assets/Resources/images/icon_nachtwinkel2.png
[DEBUG] from resource zip => assets/Resources/images/icon_restaurant2.png
[DEBUG] from resource zip => assets/Resources/images/icon_tankstation2.png
[DEBUG] from resource zip => assets/Resources/images/logo.png
[DEBUG] from resource zip => assets/Resources/images/logo2.png
[DEBUG] from resource zip => assets/Resources/pages/add.js
[DEBUG] from resource zip => assets/Resources/pages/list.js
[DEBUG] from resource zip => assets/Resources/pages/profile.js
[DEBUG] from resource zip => assets/Resources/KS_nav_ui.png
[DEBUG] from resource zip => assets/Resources/KS_nav_views.png
[DEBUG] from resource zip => assets/Resources/app.js
[DEBUG] from resource zip => assets/Resources/appicon.png
[DEBUG] from resource zip => assets/Resources/default.png
[DEBUG] from resource zip => assets/tiapp.xml
[DEBUG] from resource zip => res/drawable/appicon.png
[DEBUG] from resource zip => res/drawable/background.png
[DEBUG] from resource zip => res/drawable/facebook_icon.png
[DEBUG] from resource zip => res/drawable/facebook_login.png
[DEBUG] from resource zip => res/drawable/facebook_login_down.png
[DEBUG] from resource zip => res/drawable/facebook_login_wide.png
[DEBUG] from resource zip => res/drawable/facebook_login_wide_down.png
[DEBUG] from resource zip => res/drawable/facebook_logout.png
[DEBUG] from resource zip => res/drawable/facebook_logout_down.png
[DEBUG] from resource zip => res/layout/titanium_tabgroup.xml
[DEBUG] from resource zip => AndroidManifest.xml
[DEBUG] from resource zip => resources.arsc
[DEBUG] from resource zip => res/drawable-hdpi/facebook_icon.png
[DEBUG] from resource zip => res/drawable-ldpi/facebook_icon.png
[DEBUG] from resource zip => res/drawable-long-land-hdpi/default_d44e27d97b.png
[DEBUG] from resource zip => res/drawable-long-land-ldpi/default_d44e27d97b.png
[DEBUG] from resource zip => res/drawable-long-port-hdpi/default_d44e27d97b.png
[DEBUG] from resource zip => res/drawable-long-port-ldpi/default_d44e27d97b.png
[DEBUG] from resource zip => res/drawable-notlong-land-hdpi/default_d44e27d97b.png
[DEBUG] from resource zip => res/drawable-notlong-land-ldpi/default_d44e27d97b.png
[DEBUG] from resource zip => res/drawable-notlong-land-mdpi/default_d44e27d97b.png
[DEBUG] from resource zip => res/drawable-notlong-port-hdpi/default_d44e27d97b.png
[DEBUG] from resource zip => res/drawable-notlong-port-ldpi/default_d44e27d97b.png
[DEBUG] from resource zip => res/drawable-notlong-port-mdpi/default_d44e27d97b.png
[DEBUG] from JAR C:\Users\Eigenaar\AppData\Roaming\Titanium\mobilesdk\win32\1.7.5\android\modules\titanium-ui.jar => ti/modules/titanium/ui/widget/webview/binding.js
[DEBUG] from JAR C:\Users\Eigenaar\AppData\Roaming\Titanium\mobilesdk\win32\1.7.5\android\modules\titanium-ui.jar => ti/modules/titanium/ui/widget/webview/binding.min.js
[DEBUG] from JAR C:\Users\Eigenaar\AppData\Roaming\Titanium\mobilesdk\win32\1.7.5\android\modules\titanium-ui.jar => ti/modules/titanium/ui/widget/webview/json2.js
[DEBUG] from JAR C:\Users\Eigenaar\AppData\Roaming\Titanium\mobilesdk\win32\1.7.5\android\modules\titanium-facebook.jar => ti/modules/titanium/facebook/LICENSE
[DEBUG] from JAR C:\Users\Eigenaar\AppData\Roaming\Titanium\mobilesdk\win32\1.7.5\android\smalljs.jar => org/mozilla/javascript/resources/Messages.properties
[DEBUG] from JAR C:\Users\Eigenaar\AppData\Roaming\Titanium\mobilesdk\win32\1.7.5\android\smalljs.jar => org/mozilla/javascript/resources/Messages_fr.properties
[DEBUG] from JAR C:\Users\Eigenaar\AppData\Roaming\Titanium\mobilesdk\win32\1.7.5\android\titanium.jar => org/apache/Commons-NOTICE.txt
[DEBUG] from JAR C:\Users\Eigenaar\AppData\Roaming\Titanium\mobilesdk\win32\1.7.5\android\titanium.jar => org/apache/HttpComponents-NOTICE.txt
[DEBUG] from JAR C:\Users\Eigenaar\AppData\Roaming\Titanium\mobilesdk\win32\1.7.5\android\titanium.jar => org/apache/mime4j-NOTICE.txt
[DEBUG] from JAR C:\Users\Eigenaar\AppData\Roaming\Titanium\mobilesdk\win32\1.7.5\android\titanium.jar => org/appcelerator/titanium/build.properties
[DEBUG] from JAR C:\Users\Eigenaar\AppData\Roaming\Titanium\mobilesdk\win32\1.7.5\android\titanium.jar => org/appcelerator/titanium/res/drawable/background.png
[DEBUG] from JAR C:\Users\Eigenaar\AppData\Roaming\Titanium\mobilesdk\win32\1.7.5\android\titanium.jar => org/appcelerator/titanium/res/drawable/btn_check_buttonless_on.png
[DEBUG] from JAR C:\Users\Eigenaar\AppData\Roaming\Titanium\mobilesdk\win32\1.7.5\android\titanium.jar => org/appcelerator/titanium/res/drawable/btn_check_buttonless_on_18.png
[DEBUG] from JAR C:\Users\Eigenaar\AppData\Roaming\Titanium\mobilesdk\win32\1.7.5\android\titanium.jar => org/appcelerator/titanium/res/drawable/btn_check_buttonless_on_48.png
[DEBUG] from JAR C:\Users\Eigenaar\AppData\Roaming\Titanium\mobilesdk\win32\1.7.5\android\titanium.jar => org/appcelerator/titanium/res/drawable/btn_more.png
[DEBUG] from JAR C:\Users\Eigenaar\AppData\Roaming\Titanium\mobilesdk\win32\1.7.5\android\titanium.jar => org/appcelerator/titanium/res/drawable/btn_more_18.png
[DEBUG] from JAR C:\Users\Eigenaar\AppData\Roaming\Titanium\mobilesdk\win32\1.7.5\android\titanium.jar => org/appcelerator/titanium/res/drawable/btn_more_48.png
[DEBUG] from JAR C:\Users\Eigenaar\AppData\Roaming\Titanium\mobilesdk\win32\1.7.5\android\titanium.jar => org/appcelerator/titanium/res/drawable/btn_picker_normal.9.png
[DEBUG] from JAR C:\Users\Eigenaar\AppData\Roaming\Titanium\mobilesdk\win32\1.7.5\android\titanium.jar => org/appcelerator/titanium/res/drawable/btn_picker_pressed.9.png
[DEBUG] from JAR C:\Users\Eigenaar\AppData\Roaming\Titanium\mobilesdk\win32\1.7.5\android\titanium.jar => org/appcelerator/titanium/res/drawable/btn_picker_selected.9.png
[DEBUG] from JAR C:\Users\Eigenaar\AppData\Roaming\Titanium\mobilesdk\win32\1.7.5\android\titanium.jar => org/appcelerator/titanium/res/drawable/default_icon.png
[DEBUG] from JAR C:\Users\Eigenaar\AppData\Roaming\Titanium\mobilesdk\win32\1.7.5\android\titanium.jar => org/appcelerator/titanium/res/drawable/photoDefault.png
[DEBUG] from JAR C:\Users\Eigenaar\AppData\Roaming\Titanium\mobilesdk\win32\1.7.5\android\modules\titanium-yahoo.jar => ti/modules/titanium/yahoo/yahoo.js
[DEBUG] Waiting for device to be ready ...
[TRACE] adb devices returned 1 devices/emulators
[DEBUG] Device connected... (waited 0 seconds)
[DEBUG] waited 0.166000 seconds on emulator to get ready
[INFO] Installing application on device
